2025-12-30 14:07:02,091 - INFO - Project setup successful
2025-12-30 16:11:14,770 - ERROR - Failed to fetch https://books.toscrape.com/catalogue/catalogue/page-2.html: 404 Client Error: Not Found for url: https://books.toscrape.com/catalogue/catalogue/page-2.html
2025-12-30 16:19:24,788 - ERROR - Failed to fetch https://books.toscrape.com/catalogue/catalogue/page-2.html: 404 Client Error: Not Found for url: https://books.toscrape.com/catalogue/catalogue/page-2.html
2025-12-30 16:31:38,064 - INFO - Inserted 1000 records into database
2025-12-30 16:47:20,675 - INFO - Inserted 1000 records into database
2025-12-30 17:29:28,544 - INFO - Inserted 1000 records into database
2025-12-30 17:36:04,646 - ERROR - Price cleaning failed: Albert Einstein | could not convert string to float: ''
2025-12-30 17:36:04,646 - ERROR - Price cleaning failed: J.K. Rowling | could not convert string to float: '..'
2025-12-30 17:36:04,646 - ERROR - Price cleaning failed: Albert Einstein | could not convert string to float: ''
2025-12-30 17:36:04,646 - ERROR - Price cleaning failed: Jane Austen | could not convert string to float: ''
2025-12-30 17:36:04,646 - ERROR - Price cleaning failed: Marilyn Monroe | could not convert string to float: ''
2025-12-30 17:36:04,646 - ERROR - Price cleaning failed: Albert Einstein | could not convert string to float: ''
2025-12-30 17:36:04,646 - ERROR - Price cleaning failed: André Gide | could not convert string to float: ''
2025-12-30 17:36:04,646 - ERROR - Price cleaning failed: Thomas A. Edison | could not convert string to float: '.'
2025-12-30 17:36:04,646 - ERROR - Price cleaning failed: Eleanor Roosevelt | could not convert string to float: ''
2025-12-30 17:36:04,646 - ERROR - Price cleaning failed: Steve Martin | could not convert string to float: ''
2025-12-30 17:36:04,646 - ERROR - Price cleaning failed: Marilyn Monroe | could not convert string to float: ''
2025-12-30 17:36:04,646 - ERROR - Price cleaning failed: J.K. Rowling | could not convert string to float: '..'
2025-12-30 17:36:04,646 - ERROR - Price cleaning failed: Albert Einstein | could not convert string to float: ''
2025-12-30 17:36:04,646 - ERROR - Price cleaning failed: Bob Marley | could not convert string to float: ''
2025-12-30 17:36:04,646 - ERROR - Price cleaning failed: Dr. Seuss | could not convert string to float: '.'
2025-12-30 17:36:04,646 - ERROR - Price cleaning failed: Douglas Adams | could not convert string to float: ''
2025-12-30 17:36:04,646 - ERROR - Price cleaning failed: Elie Wiesel | could not convert string to float: ''
2025-12-30 17:36:04,646 - ERROR - Price cleaning failed: Friedrich Nietzsche | could not convert string to float: ''
2025-12-30 17:36:04,646 - ERROR - Price cleaning failed: Mark Twain | could not convert string to float: ''
2025-12-30 17:36:04,646 - ERROR - Price cleaning failed: Allen Saunders | could not convert string to float: ''
2025-12-30 17:36:04,646 - ERROR - Price cleaning failed: Pablo Neruda | could not convert string to float: ''
2025-12-30 17:36:04,646 - ERROR - Price cleaning failed: Ralph Waldo Emerson | could not convert string to float: ''
2025-12-30 17:36:04,646 - ERROR - Price cleaning failed: Mother Teresa | could not convert string to float: ''
2025-12-30 17:36:04,646 - ERROR - Price cleaning failed: Garrison Keillor | could not convert string to float: ''
2025-12-30 17:36:04,646 - ERROR - Price cleaning failed: Jim Henson | could not convert string to float: ''
2025-12-30 17:36:04,646 - ERROR - Price cleaning failed: Dr. Seuss | could not convert string to float: '.'
2025-12-30 17:36:04,646 - ERROR - Price cleaning failed: Albert Einstein | could not convert string to float: ''
2025-12-30 17:36:04,646 - ERROR - Price cleaning failed: J.K. Rowling | could not convert string to float: '..'
2025-12-30 17:36:04,646 - ERROR - Price cleaning failed: Albert Einstein | could not convert string to float: ''
2025-12-30 17:36:04,646 - ERROR - Price cleaning failed: Bob Marley | could not convert string to float: ''
2025-12-30 17:36:04,646 - ERROR - Price cleaning failed: Dr. Seuss | could not convert string to float: '.'
2025-12-30 17:36:04,646 - ERROR - Price cleaning failed: J.K. Rowling | could not convert string to float: '..'
2025-12-30 17:36:04,646 - ERROR - Price cleaning failed: Bob Marley | could not convert string to float: ''
2025-12-30 17:36:04,646 - ERROR - Price cleaning failed: Mother Teresa | could not convert string to float: ''
2025-12-30 17:36:04,646 - ERROR - Price cleaning failed: J.K. Rowling | could not convert string to float: '..'
2025-12-30 17:36:04,646 - ERROR - Price cleaning failed: Charles M. Schulz | could not convert string to float: '.'
2025-12-30 17:36:04,646 - ERROR - Price cleaning failed: William Nicholson | could not convert string to float: ''
2025-12-30 17:36:04,646 - ERROR - Price cleaning failed: Albert Einstein | could not convert string to float: ''
2025-12-30 17:36:04,646 - ERROR - Price cleaning failed: Jorge Luis Borges | could not convert string to float: ''
2025-12-30 17:36:04,646 - ERROR - Price cleaning failed: George Eliot | could not convert string to float: ''
2025-12-30 17:36:04,646 - ERROR - Price cleaning failed: George R.R. Martin | could not convert string to float: '..'
2025-12-30 17:36:04,646 - ERROR - Price cleaning failed: C.S. Lewis | could not convert string to float: '..'
2025-12-30 17:36:04,646 - ERROR - Price cleaning failed: Marilyn Monroe | could not convert string to float: ''
2025-12-30 17:36:04,646 - ERROR - Price cleaning failed: Marilyn Monroe | could not convert string to float: ''
2025-12-30 17:36:04,646 - ERROR - Price cleaning failed: Albert Einstein | could not convert string to float: ''
2025-12-30 17:36:04,646 - ERROR - Price cleaning failed: Marilyn Monroe | could not convert string to float: ''
2025-12-30 17:36:04,646 - ERROR - Price cleaning failed: Marilyn Monroe | could not convert string to float: ''
2025-12-30 17:36:04,646 - ERROR - Price cleaning failed: Martin Luther King Jr. | could not convert string to float: '.'
2025-12-30 17:36:04,646 - ERROR - Price cleaning failed: J.K. Rowling | could not convert string to float: '..'
2025-12-30 17:36:04,646 - ERROR - Price cleaning failed: James Baldwin | could not convert string to float: ''
2025-12-30 17:36:04,646 - ERROR - Price cleaning failed: Jane Austen | could not convert string to float: ''
2025-12-30 17:36:04,646 - ERROR - Price cleaning failed: Eleanor Roosevelt | could not convert string to float: ''
2025-12-30 17:36:04,646 - ERROR - Price cleaning failed: Marilyn Monroe | could not convert string to float: ''
2025-12-30 17:36:04,646 - ERROR - Price cleaning failed: Albert Einstein | could not convert string to float: ''
2025-12-30 17:36:04,646 - ERROR - Price cleaning failed: Haruki Murakami | could not convert string to float: ''
2025-12-30 17:36:04,646 - ERROR - Price cleaning failed: Alexandre Dumas fils | could not convert string to float: ''
2025-12-30 17:36:04,646 - ERROR - Price cleaning failed: Stephenie Meyer | could not convert string to float: ''
2025-12-30 17:36:04,646 - ERROR - Price cleaning failed: Ernest Hemingway | could not convert string to float: ''
2025-12-30 17:36:04,646 - ERROR - Price cleaning failed: Helen Keller | could not convert string to float: ''
2025-12-30 17:36:04,646 - ERROR - Price cleaning failed: George Bernard Shaw | could not convert string to float: ''
2025-12-30 17:36:04,646 - ERROR - Price cleaning failed: Charles Bukowski | could not convert string to float: ''
2025-12-30 17:36:04,646 - ERROR - Price cleaning failed: Suzanne Collins | could not convert string to float: ''
2025-12-30 17:36:04,646 - ERROR - Price cleaning failed: Suzanne Collins | could not convert string to float: ''
2025-12-30 17:36:04,646 - ERROR - Price cleaning failed: C.S. Lewis | could not convert string to float: '..'
2025-12-30 17:36:04,646 - ERROR - Price cleaning failed: J.R.R. Tolkien | could not convert string to float: '...'
2025-12-30 17:36:04,646 - ERROR - Price cleaning failed: J.K. Rowling | could not convert string to float: '..'
2025-12-30 17:36:04,646 - ERROR - Price cleaning failed: Ernest Hemingway | could not convert string to float: ''
2025-12-30 17:36:04,646 - ERROR - Price cleaning failed: Ralph Waldo Emerson | could not convert string to float: ''
2025-12-30 17:36:04,646 - ERROR - Price cleaning failed: Mark Twain | could not convert string to float: ''
2025-12-30 17:36:04,646 - ERROR - Price cleaning failed: Dr. Seuss | could not convert string to float: '.'
2025-12-30 17:36:04,646 - ERROR - Price cleaning failed: Alfred Tennyson | could not convert string to float: ''
2025-12-30 17:36:04,646 - ERROR - Price cleaning failed: Charles Bukowski | could not convert string to float: ''
2025-12-30 17:36:04,646 - ERROR - Price cleaning failed: Terry Pratchett | could not convert string to float: ''
2025-12-30 17:36:04,646 - ERROR - Price cleaning failed: Dr. Seuss | could not convert string to float: '.'
2025-12-30 17:36:04,646 - ERROR - Price cleaning failed: J.D. Salinger | could not convert string to float: '..'
2025-12-30 17:36:04,646 - ERROR - Price cleaning failed: George Carlin | could not convert string to float: ''
2025-12-30 17:36:04,646 - ERROR - Price cleaning failed: John Lennon | could not convert string to float: ''
2025-12-30 17:36:04,646 - ERROR - Price cleaning failed: W.C. Fields | could not convert string to float: '..'
2025-12-30 17:36:04,646 - ERROR - Price cleaning failed: Ayn Rand | could not convert string to float: ''
2025-12-30 17:36:04,646 - ERROR - Price cleaning failed: Mark Twain | could not convert string to float: ''
2025-12-30 17:36:04,646 - ERROR - Price cleaning failed: Albert Einstein | could not convert string to float: ''
2025-12-30 17:36:04,646 - ERROR - Price cleaning failed: Jane Austen | could not convert string to float: ''
2025-12-30 17:36:04,646 - ERROR - Price cleaning failed: J.K. Rowling | could not convert string to float: '..'
2025-12-30 17:36:04,646 - ERROR - Price cleaning failed: Jane Austen | could not convert string to float: ''
2025-12-30 17:36:04,646 - ERROR - Price cleaning failed: Jane Austen | could not convert string to float: ''
2025-12-30 17:36:04,646 - ERROR - Price cleaning failed: C.S. Lewis | could not convert string to float: '..'
2025-12-30 17:36:04,646 - ERROR - Price cleaning failed: C.S. Lewis | could not convert string to float: '..'
2025-12-30 17:36:04,646 - ERROR - Price cleaning failed: Mark Twain | could not convert string to float: ''
2025-12-30 17:36:04,646 - ERROR - Price cleaning failed: Mark Twain | could not convert string to float: ''
2025-12-30 17:36:04,646 - ERROR - Price cleaning failed: C.S. Lewis | could not convert string to float: '..'
2025-12-30 17:36:04,646 - ERROR - Price cleaning failed: J.K. Rowling | could not convert string to float: '..'
2025-12-30 17:36:04,646 - ERROR - Price cleaning failed: Jimi Hendrix | could not convert string to float: ''
2025-12-30 17:36:04,646 - ERROR - Price cleaning failed: J.M. Barrie | could not convert string to float: '..'
2025-12-30 17:36:04,646 - ERROR - Price cleaning failed: E.E. Cummings | could not convert string to float: '..'
2025-12-30 17:36:04,646 - ERROR - Price cleaning failed: Khaled Hosseini | could not convert string to float: ''
2025-12-30 17:36:04,646 - ERROR - Price cleaning failed: Harper Lee | could not convert string to float: ''
2025-12-30 17:36:04,646 - ERROR - Price cleaning failed: Madeleine L'Engle | could not convert string to float: ''
2025-12-30 17:36:04,646 - ERROR - Price cleaning failed: Mark Twain | could not convert string to float: ''
2025-12-30 17:36:04,646 - ERROR - Price cleaning failed: Dr. Seuss | could not convert string to float: '.'
2025-12-30 17:36:04,646 - ERROR - Price cleaning failed: George R.R. Martin | could not convert string to float: '..'
2025-12-30 17:36:04,685 - INFO - Inserted 100 records into database
2025-12-30 18:17:06,007 - ERROR - Price cleaning failed: Albert Einstein | could not convert string to float: ''
2025-12-30 18:17:06,007 - ERROR - Price cleaning failed: J.K. Rowling | could not convert string to float: '..'
2025-12-30 18:17:06,008 - ERROR - Price cleaning failed: Albert Einstein | could not convert string to float: ''
2025-12-30 18:17:06,008 - ERROR - Price cleaning failed: Jane Austen | could not convert string to float: ''
2025-12-30 18:17:06,008 - ERROR - Price cleaning failed: Marilyn Monroe | could not convert string to float: ''
2025-12-30 18:17:06,008 - ERROR - Price cleaning failed: Albert Einstein | could not convert string to float: ''
2025-12-30 18:17:06,008 - ERROR - Price cleaning failed: André Gide | could not convert string to float: ''
2025-12-30 18:17:06,009 - ERROR - Price cleaning failed: Thomas A. Edison | could not convert string to float: '.'
2025-12-30 18:17:06,009 - ERROR - Price cleaning failed: Eleanor Roosevelt | could not convert string to float: ''
2025-12-30 18:17:06,009 - ERROR - Price cleaning failed: Steve Martin | could not convert string to float: ''
2025-12-30 18:17:06,009 - ERROR - Price cleaning failed: Marilyn Monroe | could not convert string to float: ''
2025-12-30 18:17:06,009 - ERROR - Price cleaning failed: J.K. Rowling | could not convert string to float: '..'
2025-12-30 18:17:06,009 - ERROR - Price cleaning failed: Albert Einstein | could not convert string to float: ''
2025-12-30 18:17:06,009 - ERROR - Price cleaning failed: Bob Marley | could not convert string to float: ''
2025-12-30 18:17:06,009 - ERROR - Price cleaning failed: Dr. Seuss | could not convert string to float: '.'
2025-12-30 18:17:06,009 - ERROR - Price cleaning failed: Douglas Adams | could not convert string to float: ''
2025-12-30 18:17:06,009 - ERROR - Price cleaning failed: Elie Wiesel | could not convert string to float: ''
2025-12-30 18:17:06,009 - ERROR - Price cleaning failed: Friedrich Nietzsche | could not convert string to float: ''
2025-12-30 18:17:06,009 - ERROR - Price cleaning failed: Mark Twain | could not convert string to float: ''
2025-12-30 18:17:06,009 - ERROR - Price cleaning failed: Allen Saunders | could not convert string to float: ''
2025-12-30 18:17:06,009 - ERROR - Price cleaning failed: Pablo Neruda | could not convert string to float: ''
2025-12-30 18:17:06,009 - ERROR - Price cleaning failed: Ralph Waldo Emerson | could not convert string to float: ''
2025-12-30 18:17:06,009 - ERROR - Price cleaning failed: Mother Teresa | could not convert string to float: ''
2025-12-30 18:17:06,009 - ERROR - Price cleaning failed: Garrison Keillor | could not convert string to float: ''
2025-12-30 18:17:06,009 - ERROR - Price cleaning failed: Jim Henson | could not convert string to float: ''
2025-12-30 18:17:06,009 - ERROR - Price cleaning failed: Dr. Seuss | could not convert string to float: '.'
2025-12-30 18:17:06,010 - ERROR - Price cleaning failed: Albert Einstein | could not convert string to float: ''
2025-12-30 18:17:06,010 - ERROR - Price cleaning failed: J.K. Rowling | could not convert string to float: '..'
2025-12-30 18:17:06,010 - ERROR - Price cleaning failed: Albert Einstein | could not convert string to float: ''
2025-12-30 18:17:06,010 - ERROR - Price cleaning failed: Bob Marley | could not convert string to float: ''
2025-12-30 18:17:06,010 - ERROR - Price cleaning failed: Dr. Seuss | could not convert string to float: '.'
2025-12-30 18:17:06,010 - ERROR - Price cleaning failed: J.K. Rowling | could not convert string to float: '..'
2025-12-30 18:17:06,010 - ERROR - Price cleaning failed: Bob Marley | could not convert string to float: ''
2025-12-30 18:17:06,011 - ERROR - Price cleaning failed: Mother Teresa | could not convert string to float: ''
2025-12-30 18:17:06,011 - ERROR - Price cleaning failed: J.K. Rowling | could not convert string to float: '..'
2025-12-30 18:17:06,011 - ERROR - Price cleaning failed: Charles M. Schulz | could not convert string to float: '.'
2025-12-30 18:17:06,011 - ERROR - Price cleaning failed: William Nicholson | could not convert string to float: ''
2025-12-30 18:17:06,011 - ERROR - Price cleaning failed: Albert Einstein | could not convert string to float: ''
2025-12-30 18:17:06,011 - ERROR - Price cleaning failed: Jorge Luis Borges | could not convert string to float: ''
2025-12-30 18:17:06,011 - ERROR - Price cleaning failed: George Eliot | could not convert string to float: ''
2025-12-30 18:17:06,011 - ERROR - Price cleaning failed: George R.R. Martin | could not convert string to float: '..'
2025-12-30 18:17:06,011 - ERROR - Price cleaning failed: C.S. Lewis | could not convert string to float: '..'
2025-12-30 18:17:06,011 - ERROR - Price cleaning failed: Marilyn Monroe | could not convert string to float: ''
2025-12-30 18:17:06,011 - ERROR - Price cleaning failed: Marilyn Monroe | could not convert string to float: ''
2025-12-30 18:17:06,011 - ERROR - Price cleaning failed: Albert Einstein | could not convert string to float: ''
2025-12-30 18:17:06,011 - ERROR - Price cleaning failed: Marilyn Monroe | could not convert string to float: ''
2025-12-30 18:17:06,011 - ERROR - Price cleaning failed: Marilyn Monroe | could not convert string to float: ''
2025-12-30 18:17:06,011 - ERROR - Price cleaning failed: Martin Luther King Jr. | could not convert string to float: '.'
2025-12-30 18:17:06,011 - ERROR - Price cleaning failed: J.K. Rowling | could not convert string to float: '..'
2025-12-30 18:17:06,012 - ERROR - Price cleaning failed: James Baldwin | could not convert string to float: ''
2025-12-30 18:17:06,012 - ERROR - Price cleaning failed: Jane Austen | could not convert string to float: ''
2025-12-30 18:17:06,012 - ERROR - Price cleaning failed: Eleanor Roosevelt | could not convert string to float: ''
2025-12-30 18:17:06,012 - ERROR - Price cleaning failed: Marilyn Monroe | could not convert string to float: ''
2025-12-30 18:17:06,012 - ERROR - Price cleaning failed: Albert Einstein | could not convert string to float: ''
2025-12-30 18:17:06,012 - ERROR - Price cleaning failed: Haruki Murakami | could not convert string to float: ''
2025-12-30 18:17:06,012 - ERROR - Price cleaning failed: Alexandre Dumas fils | could not convert string to float: ''
2025-12-30 18:17:06,012 - ERROR - Price cleaning failed: Stephenie Meyer | could not convert string to float: ''
2025-12-30 18:17:06,012 - ERROR - Price cleaning failed: Ernest Hemingway | could not convert string to float: ''
2025-12-30 18:17:06,012 - ERROR - Price cleaning failed: Helen Keller | could not convert string to float: ''
2025-12-30 18:17:06,012 - ERROR - Price cleaning failed: George Bernard Shaw | could not convert string to float: ''
2025-12-30 18:17:06,012 - ERROR - Price cleaning failed: Charles Bukowski | could not convert string to float: ''
2025-12-30 18:17:06,012 - ERROR - Price cleaning failed: Suzanne Collins | could not convert string to float: ''
2025-12-30 18:17:06,012 - ERROR - Price cleaning failed: Suzanne Collins | could not convert string to float: ''
2025-12-30 18:17:06,012 - ERROR - Price cleaning failed: C.S. Lewis | could not convert string to float: '..'
2025-12-30 18:17:06,012 - ERROR - Price cleaning failed: J.R.R. Tolkien | could not convert string to float: '...'
2025-12-30 18:17:06,012 - ERROR - Price cleaning failed: J.K. Rowling | could not convert string to float: '..'
2025-12-30 18:17:06,013 - ERROR - Price cleaning failed: Ernest Hemingway | could not convert string to float: ''
2025-12-30 18:17:06,013 - ERROR - Price cleaning failed: Ralph Waldo Emerson | could not convert string to float: ''
2025-12-30 18:17:06,013 - ERROR - Price cleaning failed: Mark Twain | could not convert string to float: ''
2025-12-30 18:17:06,013 - ERROR - Price cleaning failed: Dr. Seuss | could not convert string to float: '.'
2025-12-30 18:17:06,013 - ERROR - Price cleaning failed: Alfred Tennyson | could not convert string to float: ''
2025-12-30 18:17:06,013 - ERROR - Price cleaning failed: Charles Bukowski | could not convert string to float: ''
2025-12-30 18:17:06,013 - ERROR - Price cleaning failed: Terry Pratchett | could not convert string to float: ''
2025-12-30 18:17:06,013 - ERROR - Price cleaning failed: Dr. Seuss | could not convert string to float: '.'
2025-12-30 18:17:06,013 - ERROR - Price cleaning failed: J.D. Salinger | could not convert string to float: '..'
2025-12-30 18:17:06,013 - ERROR - Price cleaning failed: George Carlin | could not convert string to float: ''
2025-12-30 18:17:06,013 - ERROR - Price cleaning failed: John Lennon | could not convert string to float: ''
2025-12-30 18:17:06,013 - ERROR - Price cleaning failed: W.C. Fields | could not convert string to float: '..'
2025-12-30 18:17:06,013 - ERROR - Price cleaning failed: Ayn Rand | could not convert string to float: ''
2025-12-30 18:17:06,013 - ERROR - Price cleaning failed: Mark Twain | could not convert string to float: ''
2025-12-30 18:17:06,013 - ERROR - Price cleaning failed: Albert Einstein | could not convert string to float: ''
2025-12-30 18:17:06,014 - ERROR - Price cleaning failed: Jane Austen | could not convert string to float: ''
2025-12-30 18:17:06,014 - ERROR - Price cleaning failed: J.K. Rowling | could not convert string to float: '..'
2025-12-30 18:17:06,014 - ERROR - Price cleaning failed: Jane Austen | could not convert string to float: ''
2025-12-30 18:17:06,014 - ERROR - Price cleaning failed: Jane Austen | could not convert string to float: ''
2025-12-30 18:17:06,014 - ERROR - Price cleaning failed: C.S. Lewis | could not convert string to float: '..'
2025-12-30 18:17:06,014 - ERROR - Price cleaning failed: C.S. Lewis | could not convert string to float: '..'
2025-12-30 18:17:06,014 - ERROR - Price cleaning failed: Mark Twain | could not convert string to float: ''
2025-12-30 18:17:06,014 - ERROR - Price cleaning failed: Mark Twain | could not convert string to float: ''
2025-12-30 18:17:06,014 - ERROR - Price cleaning failed: C.S. Lewis | could not convert string to float: '..'
2025-12-30 18:17:06,014 - ERROR - Price cleaning failed: J.K. Rowling | could not convert string to float: '..'
2025-12-30 18:17:06,014 - ERROR - Price cleaning failed: Jimi Hendrix | could not convert string to float: ''
2025-12-30 18:17:06,014 - ERROR - Price cleaning failed: J.M. Barrie | could not convert string to float: '..'
2025-12-30 18:17:06,014 - ERROR - Price cleaning failed: E.E. Cummings | could not convert string to float: '..'
2025-12-30 18:17:06,014 - ERROR - Price cleaning failed: Khaled Hosseini | could not convert string to float: ''
2025-12-30 18:17:06,014 - ERROR - Price cleaning failed: Harper Lee | could not convert string to float: ''
2025-12-30 18:17:06,014 - ERROR - Price cleaning failed: Madeleine L'Engle | could not convert string to float: ''
2025-12-30 18:17:06,014 - ERROR - Price cleaning failed: Mark Twain | could not convert string to float: ''
2025-12-30 18:17:06,014 - ERROR - Price cleaning failed: Dr. Seuss | could not convert string to float: '.'
2025-12-30 18:17:06,014 - ERROR - Price cleaning failed: George R.R. Martin | could not convert string to float: '..'
2025-12-30 18:17:06,035 - INFO - Inserted 100 records into database
2025-12-30 18:17:06,218 - INFO - Inserted 100 records into database
2025-12-30 18:17:41,908 - ERROR - Price cleaning failed: Albert Einstein | could not convert string to float: ''
2025-12-30 18:17:41,908 - ERROR - Price cleaning failed: J.K. Rowling | could not convert string to float: '..'
2025-12-30 18:17:41,908 - ERROR - Price cleaning failed: Albert Einstein | could not convert string to float: ''
2025-12-30 18:17:41,908 - ERROR - Price cleaning failed: Jane Austen | could not convert string to float: ''
2025-12-30 18:17:41,916 - ERROR - Price cleaning failed: Marilyn Monroe | could not convert string to float: ''
2025-12-30 18:17:41,916 - ERROR - Price cleaning failed: Albert Einstein | could not convert string to float: ''
2025-12-30 18:17:41,916 - ERROR - Price cleaning failed: André Gide | could not convert string to float: ''
2025-12-30 18:17:41,916 - ERROR - Price cleaning failed: Thomas A. Edison | could not convert string to float: '.'
2025-12-30 18:17:41,916 - ERROR - Price cleaning failed: Eleanor Roosevelt | could not convert string to float: ''
2025-12-30 18:17:41,916 - ERROR - Price cleaning failed: Steve Martin | could not convert string to float: ''
2025-12-30 18:17:41,916 - ERROR - Price cleaning failed: Marilyn Monroe | could not convert string to float: ''
2025-12-30 18:17:41,916 - ERROR - Price cleaning failed: J.K. Rowling | could not convert string to float: '..'
2025-12-30 18:17:41,916 - ERROR - Price cleaning failed: Albert Einstein | could not convert string to float: ''
2025-12-30 18:17:41,916 - ERROR - Price cleaning failed: Bob Marley | could not convert string to float: ''
2025-12-30 18:17:41,916 - ERROR - Price cleaning failed: Dr. Seuss | could not convert string to float: '.'
2025-12-30 18:17:41,916 - ERROR - Price cleaning failed: Douglas Adams | could not convert string to float: ''
2025-12-30 18:17:41,916 - ERROR - Price cleaning failed: Elie Wiesel | could not convert string to float: ''
2025-12-30 18:17:41,916 - ERROR - Price cleaning failed: Friedrich Nietzsche | could not convert string to float: ''
2025-12-30 18:17:41,916 - ERROR - Price cleaning failed: Mark Twain | could not convert string to float: ''
2025-12-30 18:17:41,916 - ERROR - Price cleaning failed: Allen Saunders | could not convert string to float: ''
2025-12-30 18:17:41,916 - ERROR - Price cleaning failed: Pablo Neruda | could not convert string to float: ''
2025-12-30 18:17:41,916 - ERROR - Price cleaning failed: Ralph Waldo Emerson | could not convert string to float: ''
2025-12-30 18:17:41,916 - ERROR - Price cleaning failed: Mother Teresa | could not convert string to float: ''
2025-12-30 18:17:41,916 - ERROR - Price cleaning failed: Garrison Keillor | could not convert string to float: ''
2025-12-30 18:17:41,916 - ERROR - Price cleaning failed: Jim Henson | could not convert string to float: ''
2025-12-30 18:17:41,916 - ERROR - Price cleaning failed: Dr. Seuss | could not convert string to float: '.'
2025-12-30 18:17:41,916 - ERROR - Price cleaning failed: Albert Einstein | could not convert string to float: ''
2025-12-30 18:17:41,916 - ERROR - Price cleaning failed: J.K. Rowling | could not convert string to float: '..'
2025-12-30 18:17:41,916 - ERROR - Price cleaning failed: Albert Einstein | could not convert string to float: ''
2025-12-30 18:17:41,916 - ERROR - Price cleaning failed: Bob Marley | could not convert string to float: ''
2025-12-30 18:17:41,916 - ERROR - Price cleaning failed: Dr. Seuss | could not convert string to float: '.'
2025-12-30 18:17:41,916 - ERROR - Price cleaning failed: J.K. Rowling | could not convert string to float: '..'
2025-12-30 18:17:41,916 - ERROR - Price cleaning failed: Bob Marley | could not convert string to float: ''
2025-12-30 18:17:41,916 - ERROR - Price cleaning failed: Mother Teresa | could not convert string to float: ''
2025-12-30 18:17:41,916 - ERROR - Price cleaning failed: J.K. Rowling | could not convert string to float: '..'
2025-12-30 18:17:41,916 - ERROR - Price cleaning failed: Charles M. Schulz | could not convert string to float: '.'
2025-12-30 18:17:41,916 - ERROR - Price cleaning failed: William Nicholson | could not convert string to float: ''
2025-12-30 18:17:41,916 - ERROR - Price cleaning failed: Albert Einstein | could not convert string to float: ''
2025-12-30 18:17:41,916 - ERROR - Price cleaning failed: Jorge Luis Borges | could not convert string to float: ''
2025-12-30 18:17:41,916 - ERROR - Price cleaning failed: George Eliot | could not convert string to float: ''
2025-12-30 18:17:41,916 - ERROR - Price cleaning failed: George R.R. Martin | could not convert string to float: '..'
2025-12-30 18:17:41,916 - ERROR - Price cleaning failed: C.S. Lewis | could not convert string to float: '..'
2025-12-30 18:17:41,916 - ERROR - Price cleaning failed: Marilyn Monroe | could not convert string to float: ''
2025-12-30 18:17:41,916 - ERROR - Price cleaning failed: Marilyn Monroe | could not convert string to float: ''
2025-12-30 18:17:41,916 - ERROR - Price cleaning failed: Albert Einstein | could not convert string to float: ''
2025-12-30 18:17:41,916 - ERROR - Price cleaning failed: Marilyn Monroe | could not convert string to float: ''
2025-12-30 18:17:41,916 - ERROR - Price cleaning failed: Marilyn Monroe | could not convert string to float: ''
2025-12-30 18:17:41,916 - ERROR - Price cleaning failed: Martin Luther King Jr. | could not convert string to float: '.'
2025-12-30 18:17:41,916 - ERROR - Price cleaning failed: J.K. Rowling | could not convert string to float: '..'
2025-12-30 18:17:41,916 - ERROR - Price cleaning failed: James Baldwin | could not convert string to float: ''
2025-12-30 18:17:41,916 - ERROR - Price cleaning failed: Jane Austen | could not convert string to float: ''
2025-12-30 18:17:41,916 - ERROR - Price cleaning failed: Eleanor Roosevelt | could not convert string to float: ''
2025-12-30 18:17:41,916 - ERROR - Price cleaning failed: Marilyn Monroe | could not convert string to float: ''
2025-12-30 18:17:41,916 - ERROR - Price cleaning failed: Albert Einstein | could not convert string to float: ''
2025-12-30 18:17:41,916 - ERROR - Price cleaning failed: Haruki Murakami | could not convert string to float: ''
2025-12-30 18:17:41,916 - ERROR - Price cleaning failed: Alexandre Dumas fils | could not convert string to float: ''
2025-12-30 18:17:41,916 - ERROR - Price cleaning failed: Stephenie Meyer | could not convert string to float: ''
2025-12-30 18:17:41,916 - ERROR - Price cleaning failed: Ernest Hemingway | could not convert string to float: ''
2025-12-30 18:17:41,916 - ERROR - Price cleaning failed: Helen Keller | could not convert string to float: ''
2025-12-30 18:17:41,916 - ERROR - Price cleaning failed: George Bernard Shaw | could not convert string to float: ''
2025-12-30 18:17:41,916 - ERROR - Price cleaning failed: Charles Bukowski | could not convert string to float: ''
2025-12-30 18:17:41,916 - ERROR - Price cleaning failed: Suzanne Collins | could not convert string to float: ''
2025-12-30 18:17:41,916 - ERROR - Price cleaning failed: Suzanne Collins | could not convert string to float: ''
2025-12-30 18:17:41,916 - ERROR - Price cleaning failed: C.S. Lewis | could not convert string to float: '..'
2025-12-30 18:17:41,916 - ERROR - Price cleaning failed: J.R.R. Tolkien | could not convert string to float: '...'
2025-12-30 18:17:41,916 - ERROR - Price cleaning failed: J.K. Rowling | could not convert string to float: '..'
2025-12-30 18:17:41,916 - ERROR - Price cleaning failed: Ernest Hemingway | could not convert string to float: ''
2025-12-30 18:17:41,916 - ERROR - Price cleaning failed: Ralph Waldo Emerson | could not convert string to float: ''
2025-12-30 18:17:41,916 - ERROR - Price cleaning failed: Mark Twain | could not convert string to float: ''
2025-12-30 18:17:41,916 - ERROR - Price cleaning failed: Dr. Seuss | could not convert string to float: '.'
2025-12-30 18:17:41,916 - ERROR - Price cleaning failed: Alfred Tennyson | could not convert string to float: ''
2025-12-30 18:17:41,916 - ERROR - Price cleaning failed: Charles Bukowski | could not convert string to float: ''
2025-12-30 18:17:41,916 - ERROR - Price cleaning failed: Terry Pratchett | could not convert string to float: ''
2025-12-30 18:17:41,916 - ERROR - Price cleaning failed: Dr. Seuss | could not convert string to float: '.'
2025-12-30 18:17:41,916 - ERROR - Price cleaning failed: J.D. Salinger | could not convert string to float: '..'
2025-12-30 18:17:41,916 - ERROR - Price cleaning failed: George Carlin | could not convert string to float: ''
2025-12-30 18:17:41,916 - ERROR - Price cleaning failed: John Lennon | could not convert string to float: ''
2025-12-30 18:17:41,916 - ERROR - Price cleaning failed: W.C. Fields | could not convert string to float: '..'
2025-12-30 18:17:41,916 - ERROR - Price cleaning failed: Ayn Rand | could not convert string to float: ''
2025-12-30 18:17:41,916 - ERROR - Price cleaning failed: Mark Twain | could not convert string to float: ''
2025-12-30 18:17:41,916 - ERROR - Price cleaning failed: Albert Einstein | could not convert string to float: ''
2025-12-30 18:17:41,916 - ERROR - Price cleaning failed: Jane Austen | could not convert string to float: ''
2025-12-30 18:17:41,916 - ERROR - Price cleaning failed: J.K. Rowling | could not convert string to float: '..'
2025-12-30 18:17:41,916 - ERROR - Price cleaning failed: Jane Austen | could not convert string to float: ''
2025-12-30 18:17:41,916 - ERROR - Price cleaning failed: Jane Austen | could not convert string to float: ''
2025-12-30 18:17:41,916 - ERROR - Price cleaning failed: C.S. Lewis | could not convert string to float: '..'
2025-12-30 18:17:41,916 - ERROR - Price cleaning failed: C.S. Lewis | could not convert string to float: '..'
2025-12-30 18:17:41,916 - ERROR - Price cleaning failed: Mark Twain | could not convert string to float: ''
2025-12-30 18:17:41,916 - ERROR - Price cleaning failed: Mark Twain | could not convert string to float: ''
2025-12-30 18:17:41,916 - ERROR - Price cleaning failed: C.S. Lewis | could not convert string to float: '..'
2025-12-30 18:17:41,916 - ERROR - Price cleaning failed: J.K. Rowling | could not convert string to float: '..'
2025-12-30 18:17:41,916 - ERROR - Price cleaning failed: Jimi Hendrix | could not convert string to float: ''
2025-12-30 18:17:41,916 - ERROR - Price cleaning failed: J.M. Barrie | could not convert string to float: '..'
2025-12-30 18:17:41,916 - ERROR - Price cleaning failed: E.E. Cummings | could not convert string to float: '..'
2025-12-30 18:17:41,916 - ERROR - Price cleaning failed: Khaled Hosseini | could not convert string to float: ''
2025-12-30 18:17:41,916 - ERROR - Price cleaning failed: Harper Lee | could not convert string to float: ''
2025-12-30 18:17:41,916 - ERROR - Price cleaning failed: Madeleine L'Engle | could not convert string to float: ''
2025-12-30 18:17:41,916 - ERROR - Price cleaning failed: Mark Twain | could not convert string to float: ''
2025-12-30 18:17:41,916 - ERROR - Price cleaning failed: Dr. Seuss | could not convert string to float: '.'
2025-12-30 18:17:41,916 - ERROR - Price cleaning failed: George R.R. Martin | could not convert string to float: '..'
2025-12-30 18:17:41,941 - INFO - Inserted 100 records into database
2025-12-30 18:17:42,028 - INFO - Inserted 100 records into database
2025-12-30 18:24:53,613 - INFO - Inserted 1000 records into database
2025-12-30 18:24:59,372 - INFO - Inserted 1000 records into database
2025-12-30 18:26:46,574 - INFO - Inserted 1000 records into database
2025-12-30 18:26:57,047 - INFO - Inserted 1000 records into database
2025-12-30 18:32:27,850 - INFO - Inserted 1000 records into database
2025-12-30 18:32:29,400 - INFO - Inserted 1000 records into database
2025-12-30 18:34:16,696 - INFO - Inserted 1000 records into database
2025-12-30 18:34:18,675 - INFO - Inserted 1000 records into database
2025-12-30 18:38:48,483 - INFO - Inserted 1000 records into database
2025-12-30 18:38:51,270 - INFO - Inserted 1000 records into database
2025-12-30 18:40:54,532 - INFO - Inserted 1000 records into database
2025-12-30 18:40:58,403 - INFO - Inserted 1000 records into database
2025-12-30 18:48:37,491 - INFO - Inserted 1000 records into database
2025-12-30 18:48:38,041 - INFO - Inserted 1000 records into database
2025-12-30 18:51:04,509 - INFO - Inserted 1000 records into database
2025-12-30 18:51:05,105 - INFO - Inserted 1000 records into database
2025-12-30 18:57:38,127 - INFO - Inserted 1000 records into database
2025-12-30 18:57:38,678 - INFO - Inserted 1000 records into database
2025-12-30 18:59:43,394 - INFO - Inserted 1000 records into database
2025-12-30 18:59:43,987 - INFO - Inserted 1000 records into database
2025-12-30 19:06:04,306 - INFO - Inserted 1000 records into database
2025-12-30 19:06:04,356 - INFO - Inserted 1000 records into database
2025-12-30 19:55:11,511 - INFO - Inserted 1000 records into database
2025-12-30 19:55:11,547 - INFO - Inserted 1000 records into database
2025-12-30 20:22:40,153 - INFO - Inserted 1000 records into database
2025-12-30 20:24:36,604 - INFO - Inserted 1000 records into database
2025-12-30 20:29:34,755 - INFO - Inserted 1000 records into database
2025-12-30 20:34:59,330 - INFO - Inserted 1000 records into database
2025-12-30 20:50:31,024 - INFO - Inserted 1000 records into database
2025-12-30 20:53:06,170 - INFO - Inserted 1000 records into database
2025-12-30 21:14:04,914 - INFO - Upserted 1000 records into products
2025-12-30 21:17:47,962 - INFO - Upserted 1000 records into products
2025-12-30 21:19:34,995 - INFO - Upserted 1000 records into products
